<?xml version="1.0" encoding="UTF-8"?>
<!-- Generated by org.testng.reporters.JUnitXMLReporter -->
<testsuite ignored="0" hostname="DESKTOP-FSMB7B1" failures="0" tests="10" name="Test" time="56.2" errors="0" timestamp="19 May 2022 05:49:25 GMT">
  <testcase classname="Hybrid.logincrm" name="loginApp" time="4.475"/>
  <testcase classname="Hybrid.logincrm" name="signupapp" time="6.481"/>
  <testcase classname="Hybrid.logincrm" name="searchupapp" time="8.998"/>
  <testcase classname="Hybrid.logincrm" name="Bedapp" time="7.775"/>
  <testcase classname="Hybrid.logincrm" name="Bedappcart" time="4.057"/>
  <testcase classname="Hybrid.logincrm" name="assertions" time="2.131"/>
  <testcase classname="Hybrid.logincrm" name="tvappcart" time="1.324"/>
  <testcase classname="Hybrid.logincrm" name="studyapp" time="7.254"/>
  <testcase classname="Hybrid.logincrm" name="aboutapp" time="0.535"/>
  <testcase classname="Hybrid.logincrm" name="infoapp" time="0.387"/>
</testsuite> <!-- Test -->
