<?xml version="1.0" encoding="UTF-8"?>
<!-- Generated by org.testng.reporters.JUnitXMLReporter -->
<testsuite ignored="0" hostname="DESKTOP-FSMB7B1" failures="0" tests="10" name="Default test" time="55.801" errors="0" timestamp="20 May 2022 11:26:15 GMT">
  <testcase classname="Hybrid.logincrm" name="loginApp" time="4.797"/>
  <testcase classname="Hybrid.logincrm" name="signupapp" time="7.033"/>
  <testcase classname="Hybrid.logincrm" name="searchupapp" time="8.967"/>
  <testcase classname="Hybrid.logincrm" name="Bedapp" time="7.01"/>
  <testcase classname="Hybrid.logincrm" name="Bedappcart" time="4.695"/>
  <testcase classname="Hybrid.logincrm" name="assertions" time="2.672"/>
  <testcase classname="Hybrid.logincrm" name="tvappcart" time="1.861"/>
  <testcase classname="Hybrid.logincrm" name="studyapp" time="8.037"/>
  <testcase classname="Hybrid.logincrm" name="aboutapp" time="0.554"/>
  <testcase classname="Hybrid.logincrm" name="infoapp" time="0.378"/>
</testsuite> <!-- Default test -->
